<?xml version="1.0" encoding="UTF-8"?>
<!-- Generated by org.testng.reporters.JUnitReportReporter -->
<testsuite skipped="0" hostname="DESKTOP-O2K3836" name="DBMS.MYSQL.maven.DBMS.MYSQL.maven.Student" tests="2" failures="0" timestamp="2020-09-18T08:26:56 IST" time="0.127" errors="0">
  <testcase name="InserData" time="0.099" classname="DBMS.MYSQL.maven.DBMS.MYSQL.maven.Student"/>
  <system-out/>
  <testcase name="ViewData" time="0.028" classname="DBMS.MYSQL.maven.DBMS.MYSQL.maven.Student"/>
  <system-out/>
</testsuite> <!-- DBMS.MYSQL.maven.DBMS.MYSQL.maven.Student -->
