<?xml version="1.0" encoding="UTF-8"?>
<!-- Generated by org.testng.reporters.JUnitReportReporter -->
<testsuite skipped="0" hostname="DESKTOP-O2K3836" name="DBMS.MYSQL.maven.DBMS.MYSQL.maven.DataBaseTestScript" tests="4" failures="0" timestamp="2020-09-17T09:26:24 IST" time="0.258" errors="0">
  <testcase name="InserData" time="0.142" classname="DBMS.MYSQL.maven.DBMS.MYSQL.maven.DataBaseTestScript"/>
  <system-out/>
  <testcase name="UpdateData" time="0.005" classname="DBMS.MYSQL.maven.DBMS.MYSQL.maven.DataBaseTestScript"/>
  <system-out/>
  <testcase name="DeleteData" time="0.069" classname="DBMS.MYSQL.maven.DBMS.MYSQL.maven.DataBaseTestScript"/>
  <system-out/>
  <testcase name="ViewData" time="0.042" classname="DBMS.MYSQL.maven.DBMS.MYSQL.maven.DataBaseTestScript"/>
  <system-out/>
</testsuite> <!-- DBMS.MYSQL.maven.DBMS.MYSQL.maven.DataBaseTestScript -->
